Build started 18/12/2015 16:00:28.
     1>Project "C:\Users\Bueso\Documents\Visual Studio 2013\Projects\Phys_racing\3D Physics.vcxproj" on node 2 (Build target(s)).
     1>ClCompile:
         D:\Archivos de Programa\Visual Studio 2013\VC\bin\CL.exe /c /ZI /nologo /W3 /WX- /sdl- /Od /Oy- /D _MBCS /Gm /RTC1 /MDd /GS /fp:precise /Zc:wchar_t /Zc:forScope /Fo"Debug\\" /Fd"Debug\vc120.pdb" /Gd /TP /analyze- /errorReport:prompt ModuleSceneIntro.cpp
         ModuleSceneIntro.cpp
     1>c:\users\bueso\documents\visual studio 2013\projects\phys_racing\modulesceneintro.cpp(25): warning C4305: '=' : truncation from 'double' to 'float'
     1>c:\users\bueso\documents\visual studio 2013\projects\phys_racing\modulesceneintro.cpp(29): warning C4305: '=' : truncation from 'double' to 'float'
     1>c:\users\bueso\documents\visual studio 2013\projects\phys_racing\modulesceneintro.cpp(33): warning C4305: '=' : truncation from 'double' to 'float'
     1>c:\users\bueso\documents\visual studio 2013\projects\phys_racing\modulesceneintro.cpp(37): warning C4305: '=' : truncation from 'double' to 'float'
     1>c:\users\bueso\documents\visual studio 2013\projects\phys_racing\modulesceneintro.cpp(41): warning C4305: '=' : truncation from 'double' to 'float'
     1>c:\users\bueso\documents\visual studio 2013\projects\phys_racing\modulesceneintro.cpp(45): warning C4305: '=' : truncation from 'double' to 'float'
     1>c:\users\bueso\documents\visual studio 2013\projects\phys_racing\modulesceneintro.cpp(49): warning C4305: '=' : truncation from 'double' to 'float'
     1>c:\users\bueso\documents\visual studio 2013\projects\phys_racing\modulesceneintro.cpp(53): warning C4305: '=' : truncation from 'double' to 'float'
     1>c:\users\bueso\documents\visual studio 2013\projects\phys_racing\modulesceneintro.cpp(57): warning C4305: '=' : truncation from 'double' to 'float'
     1>c:\users\bueso\documents\visual studio 2013\projects\phys_racing\modulesceneintro.cpp(61): warning C4305: '=' : truncation from 'double' to 'float'
       Link:
         D:\Archivos de Programa\Visual Studio 2013\VC\bin\link.exe /ERRORREPORT:PROMPT /OUT:"C:\Users\Bueso\Documents\Visual Studio 2013\Projects\Phys_racing\Debug\3D Physics - class5.exe" /INCREMENTAL /NOLOGO kernel32.lib user32.lib gdi32.lib winspool.lib comdlg32.lib advapi32.lib shell32.lib ole32.lib oleaut32.lib uuid.lib odbc32.lib odbccp32.lib /MANIFEST /MANIFESTUAC:"level='asInvoker' uiAccess='false'" /manifest:embed /DEBUG /PDB:"C:\Users\Bueso\Documents\Visual Studio 2013\Projects\Phys_racing\Debug\3D Physics - class5.pdb" /SUBSYSTEM:WINDOWS /TLBID:1 /DYNAMICBASE /NXCOMPAT /IMPLIB:"C:\Users\Bueso\Documents\Visual Studio 2013\Projects\Phys_racing\Debug\3D Physics - class5.lib" /MACHINE:X86 /SAFESEH:NO Debug\Application.obj
         Debug\Color.obj
         Debug\glmath.obj
         Debug\Light.obj
         Debug\log.obj
         Debug\Main.obj
         Debug\ModuleAudio.obj
         Debug\ModuleCamera3D.obj
         Debug\ModuleInput.obj
         Debug\ModulePhysics3D.obj
         Debug\ModulePlayer.obj
         Debug\ModuleRenderer3D.obj
         Debug\ModuleSceneIntro.obj
         Debug\ModuleWindow.obj
         Debug\PhysBody3D.obj
         Debug\PhysVehicle3D.obj
         Debug\Primitive.obj
         Debug\Timer.obj
         3D Physics.vcxproj -> C:\Users\Bueso\Documents\Visual Studio 2013\Projects\Phys_racing\Debug\3D Physics - class5.exe
     1>Done Building Project "C:\Users\Bueso\Documents\Visual Studio 2013\Projects\Phys_racing\3D Physics.vcxproj" (Build target(s)).

Build succeeded.

Time Elapsed 00:00:01.32
